C51 COMPILER V9.60.7.0   MAIN                                                              04/06/2025 20:00:16 PAGE 1   


C51 COMPILER V9.60.7.0, COMPILATION OF MODULE MAIN
OBJECT MODULE PLACED IN .\Objects\main.obj
COMPILER INVOKED BY: C:\Keil_v5\C51\BIN\C51.EXE main.c OPTIMIZE(8,SPEED) BROWSE DEBUG OBJECTEXTEND PRINT(.\Listings\main
                    -.lst) TABS(2) OBJECT(.\Objects\main.obj)

line level    source

   1          /**********************************************************
   2          EE337: ADC IC MCP3008 interfacing with pt-51
   3          (1) Complete spi_init() function from spi.h 
   4          
   5          ***********************************************************/
   6          
   7          #include <at89c5131.h>
   8          #include "lcd.h"                                        //Driver for interfacing lcd 
   9          #include "mcp3008.h"                                    //Driver for interfacing ADC ic MCP3008
  10          
  11          
  12          char adc_ip_data_ascii[6]={0,0,0,0,0,'\0'};             //string array for saving ascii of input sample
  13          code unsigned char display_msg1[]="Volt.: ";            //Display msg on 1st line of lcd
  14          code unsigned char display_msg2[]=" mV";                //Display msg on 2nd line of lcd
  15          code unsigned char display_msg3[] = "Temp.: ";
  16          code unsigned char display_msg4[] = " oC";
  17          
  18          unsigned char whole[6];      
  19          
  20          void main(void)
  21          {
  22   1          float adc_data = 0, y1;
  23   1          unsigned int temperature_w;
  24   1      
  25   1          spi_init();    
  26   1          adc_init();
  27   1          lcd_init();
  28   1      
  29   1          while (1)
  30   1          {
  31   2              unsigned int x, y; 
  32   2              x = adc(4);  //Read analog value from 0th channel of ADC Ic MCP3008
  33   2              adc_data = (x * 3.2258);  //Converting received 10 bits value to milli volt (3.3*1000*i/p /1023)
  34   2            /*
  35   2              Display "Volt: " on first line of lcd
  36   2              Print analog sampled input on lcd using int_to_string function and 
  37   2              Display "XXXXX mV" on second line of LCD
  38   2          
  39   2          */
  40   2              lcd_cmd(0x80);   
  41   2              lcd_write_string(display_msg1);
  42   2              int_to_string(adc_data, adc_ip_data_ascii); 
  43   2              lcd_write_string(adc_ip_data_ascii);
  44   2              lcd_write_string(display_msg2);
  45   2      
  46   2              lcd_cmd(0xC0);   
  47   2              lcd_write_string(display_msg3);
  48   2      
  49   2            
  50   2              y = adc(3);
  51   2              y1 = (y * 3.2258);
  52   2              
  53   2              temperature_w = y1 / 10;  
  54   2      
C51 COMPILER V9.60.7.0   MAIN                                                              04/06/2025 20:00:16 PAGE 2   

  55   2              int_to_string(temperature_w, whole);  
  56   2              lcd_write_string(whole + 2);          
  57   2             
  58   2      
  59   2              lcd_write_string(display_msg4);       
  60   2          }
  61   1      }


MODULE INFORMATION:   STATIC OVERLAYABLE
   CODE SIZE        =    785    ----
   CONSTANT SIZE    =     24    ----
   XDATA SIZE       =   ----    ----
   PDATA SIZE       =   ----    ----
   DATA SIZE        =     13      38
   IDATA SIZE       =   ----    ----
   BIT SIZE         =      1    ----
END OF MODULE INFORMATION.


C51 COMPILATION COMPLETE.  0 WARNING(S),  0 ERROR(S)
