A51 MACRO ASSEMBLER  ADD16                                                                01/21/2025 14:20:32 PAGE     1


MACRO ASSEMBLER A51 V8.2.7.0
OBJECT MODULE PLACED IN .\Objects\add16.obj
ASSEMBLER INVOKED BY: C:\Keil_v5\C51\BIN\A51.EXE add16.asm SET(SMALL) DEBUG PRINT(.\Listings\add16.lst) OBJECT(.\Objects
                      \add16.obj) EP

LOC  OBJ            LINE     SOURCE

0000                   1      ORG 0H
0000 020100            2      LJMP MAIN
0100                   3      ORG 100H
0100                   4      MAIN:
0100 3130              5      CALL ADD16
0102 80FE              6      HERE: SJMP HERE
0130                   7      ORG 130H
0130                   8      ADD16:
                       9      
0130 E571             10      MOV A, 71H
0132 8573F0           11      MOV B, 73H
0135 25F0             12      ADD A, B
0137 F576             13      MOV 76H, A
                      14      
0139 E570             15      MOV A, 70H
013B 8572F0           16      MOV B, 72H
013E 35F0             17      ADDC A, B 
0140 F575             18      MOV 75H, A 
                      19      
0142 7400             20      MOV A, #00H
0144 3400             21      ADDC A, #00H
0146 F574             22      MOV 74H, A
                      23     
0148 22               24      RET
                      25      END
A51 MACRO ASSEMBLER  ADD16                                                                01/21/2025 14:20:32 PAGE     2

SYMBOL TABLE LISTING
------ ----- -------


N A M E             T Y P E  V A L U E   ATTRIBUTES

ADD16. . . . . . .  C ADDR   0130H   A   
B. . . . . . . . .  D ADDR   00F0H   A   
HERE . . . . . . .  C ADDR   0102H   A   
MAIN . . . . . . .  C ADDR   0100H   A   


REGISTER BANK(S) USED: 0 


ASSEMBLY COMPLETE.  0 WARNING(S), 0 ERROR(S)
