A51 MACRO ASSEMBLER  XOR_SWAP                                                             01/21/2025 14:13:42 PAGE     1


MACRO ASSEMBLER A51 V8.2.7.0
OBJECT MODULE PLACED IN .\Objects\XOR_swap.obj
ASSEMBLER INVOKED BY: C:\Keil_v5\C51\BIN\A51.EXE XOR_swap.asm SET(SMALL) DEBUG PRINT(.\Listings\XOR_swap.lst) OBJECT(.\O
                      bjects\XOR_swap.obj) EP

LOC  OBJ            LINE     SOURCE

0000                   1      ORG 0H
0000 020100            2      LJMP MAIN
0100                   3      ORG 100H
0100                   4      MAIN:
0100 3130              5      CALL XORSWAP
0102 80FE              6      HERE: SJMP HERE
0130                   7      ORG 130H
0130                   8      XORSWAP:
                       9      
0130 E560             10      MOV A, 60H
0132 8561F0           11      MOV B, 61H
                      12      
0135 65F0             13      XRL A, B 
0137 62F0             14      XRL B, A  
0139 65F0             15      XRL A, B
                      16      
013B F560             17      MOV 60H, A
013D 85F061           18      MOV 61H, B 
                      19      
0140 22               20      RET
                      21      END     
                                      
A51 MACRO ASSEMBLER  XOR_SWAP                                                             01/21/2025 14:13:42 PAGE     2

SYMBOL TABLE LISTING
------ ----- -------


N A M E             T Y P E  V A L U E   ATTRIBUTES

B. . . . . . . . .  D ADDR   00F0H   A   
HERE . . . . . . .  C ADDR   0102H   A   
MAIN . . . . . . .  C ADDR   0100H   A   
XORSWAP. . . . . .  C ADDR   0130H   A   


REGISTER BANK(S) USED: 0 


ASSEMBLY COMPLETE.  0 WARNING(S), 0 ERROR(S)
