C51 COMPILER V9.60.7.0   SPI_MASTER                                                        04/14/2025 04:09:31 PAGE 1   


C51 COMPILER V9.60.7.0, COMPILATION OF MODULE SPI_MASTER
OBJECT MODULE PLACED IN .\Objects\SPI_Master.obj
COMPILER INVOKED BY: D:\Keil_v5\C51\BIN\C51.EXE SPI_Master.c OPTIMIZE(8,SPEED) BROWSE DEBUG OBJECTEXTEND PRINT(.\Listing
                    -s\SPI_Master.lst) TABS(2) OBJECT(.\Objects\SPI_Master.obj)

line level    source

   1          #include <at89c5131.h>
   2          #include "spi.h"
   3          #include "serial.h"
   4          
   5          
   6          sbit SS = P1^4;
   7          unsigned char ch = 0;
   8          int int1=0, int2=0;
   9          int int1_copy=0, int2_copy=0;
  10          int int1_copy2=0, int2_copy2=0;
  11          int digits = 0;
  12          int result = 0;
  13          
  14          void msdelay(unsigned int time)
  15          {
  16   1        int i,j;
  17   1        for(i = 0; i < time; i++)
  18   1        {
  19   2          for(j = 0; j < 382; j++);
  20   2        }
  21   1      }
  22          
  23          void main(void) {
  24   1        
  25   1        spi_master_init();          
  26   1        uart_init();
  27   1      
  28   1        transmit_string("\r\nEnter Input-1: ");
  29   1        while(1){
  30   2          ch = receive_char();
  31   2          if (ch == 46) break;
  32   2          int1 = int1 * 10;
  33   2          int1 += (ch - 48);
  34   2        }
  35   1      //  int1_copy = int1;
  36   1      //  int1_copy2 = int1;
  37   1        transmit_string("\r\nEnter Input-2: ");
  38   1        while(1){
  39   2          ch = receive_char();
  40   2          if (ch == 46) break;
  41   2          int2 = int2 * 10;
  42   2          int2 += (ch - 48);
  43   2        }
  44   1      //  int2_copy = int2;
  45   1      //  int2_copy2 = int2;
  46   1      //  while(int1_copy2 > 0){
  47   1      //    digits++;
  48   1      //    int1_copy2 /= 10;
  49   1      //  }
  50   1          // Send primes to slave
  51   1      //    SS = 0;                  // Select slave
  52   1      //    spi_trx(digits);         // Send data
  53   1      //    SS = 1; 
  54   1          
C51 COMPILER V9.60.7.0   SPI_MASTER                                                        04/14/2025 04:09:31 PAGE 2   

  55   1      //  while(int1_copy > 0){
  56   1          SS = 0;                  // Select slave
  57   1          spi_trx(int1);         // Send data
  58   1          SS = 1;
  59   1      //    int1_copy /= 10;
  60   1      //  }
  61   1      
  62   1          msdelay(500);
  63   1        
  64   1      //  digits = 0;
  65   1      //  while(int2_copy2 > 0){
  66   1      //    digits++;
  67   1      //    int2_copy2 /= 10;
  68   1      //  }
  69   1      
  70   1      //    SS = 0;                  // Select slave
  71   1      //    spi_trx(digits);         // Send data
  72   1      //    SS = 1; 
  73   1      
  74   1      //  while(int2_copy > 0){
  75   1          SS = 0;                  // Select slave
  76   1          spi_trx(int2);         // Send data
  77   1          SS = 1;
  78   1      //    int2_copy /= 10;
  79   1      //  }
  80   1          msdelay(500);
  81   1        
  82   1          result = spi_trx(0);
  83   1          if (result == 1) {
  84   2              transmit_string("\r\nPRIME\r\n");
  85   2          } else if(result == 2){
  86   2              transmit_string("\r\nNOT PRIME\r\n");
  87   2          }
  88   1          
  89   1        while(1);
  90   1      }


MODULE INFORMATION:   STATIC OVERLAYABLE
   CODE SIZE        =    472    ----
   CONSTANT SIZE    =     60    ----
   XDATA SIZE       =   ----    ----
   PDATA SIZE       =   ----    ----
   DATA SIZE        =     18       7
   IDATA SIZE       =   ----    ----
   BIT SIZE         =      3    ----
END OF MODULE INFORMATION.


C51 COMPILATION COMPLETE.  0 WARNING(S),  0 ERROR(S)
