C51 COMPILER V9.60.7.0   Q3                                                                02/17/2025 16:12:45 PAGE 1   


C51 COMPILER V9.60.7.0, COMPILATION OF MODULE Q3
OBJECT MODULE PLACED IN .\Objects\Q3.obj
COMPILER INVOKED BY: C:\Keil_v5\C51\BIN\C51.EXE Q3.c OPTIMIZE(8,SPEED) BROWSE DEBUG OBJECTEXTEND PRINT(.\Listings\Q3.lst
                    -) TABS(2) OBJECT(.\Objects\Q3.obj)

line level    source

   1          #include <at89c5131.h>
   2          /*Two frequency simultaneously with timers in interrupts mode.
   3          First LED1 time period is 2ms.
   4          Second LED2 time period is 3ms.*/
   5          int count=0;
   6          sbit LED1=P0^7;
   7          sbit LED2=P3^7;
   8          void timer0_isr() interrupt 1{
   9   1         LED1=~LED1;
  10   1         //Reload values for TH0 and TL0. Start timer 0.
  11   1         if(count<20){
  12   2            TH0=0xEF;
  13   2            TL0=0xB9;
  14   2         }else if(count<50){
  15   2            TH0=0xF1;
  16   2            TL0=0x88;
  17   2         }else if(count<90){
  18   2            TH0=0xF2;
  19   2            TL0=0xFB;
  20   2         }else if(count<110){
  21   2            TH0=0xF3;
  22   2            TL0=0xCB;
  23   2         }else if(count<150){
  24   2            TH0=0xF5;
  25   2            TL0=0x26;
  26   2         }else if(count<180){
  27   2            TH0=0xF6;
  28   2            TL0=0x3C;
  29   2         }else if(count<220){
  30   2            TH0=0xF7;
  31   2            TL0=0x52;
  32   2         }else if(count<240){
  33   2            TH0=0xF7;
  34   2            TL0=0xDD;
  35   2         }else{
  36   2            count=0;
  37   2            TH0=0xEF;
  38   2            TL0=0xB9;
  39   2         }
  40   1      }
  41          void timer1_isr() interrupt 3{
  42   1         LED2=~LED2;
  43   1         count++;
  44   1         TH1=0x3C;
  45   1         TL1=0xB0;
  46   1         //Reload values for TH1 and TL1. Start timer 1.
  47   1      }
  48          //Main function
  49          void main(void){
  50   1         TMOD=0x11; //mode 1 timer 0 and timer 1
  51   1         TH1=0x3C;  //Values for Timer 1 TH1
  52   1         TL1=0xB0;  //Values for Timer 1 TL1
  53   1         TH0=0xEF;  //Values for Timer 0 TH0
  54   1         TL0=0xB9;  //Values for Timer 0 TL0
C51 COMPILER V9.60.7.0   Q3                                                                02/17/2025 16:12:45 PAGE 2   

  55   1         ET0=1; //activate interrupts for both timers
  56   1         ET1=1;
  57   1         EA=1;  //activate global interrupts
  58   1         TR0=1; //start timer 0
  59   1         TR1=1; //start timer 1
  60   1         while(1);
  61   1      }


MODULE INFORMATION:   STATIC OVERLAYABLE
   CODE SIZE        =    235    ----
   CONSTANT SIZE    =   ----    ----
   XDATA SIZE       =   ----    ----
   PDATA SIZE       =   ----    ----
   DATA SIZE        =      2    ----
   IDATA SIZE       =   ----    ----
   BIT SIZE         =   ----    ----
END OF MODULE INFORMATION.


C51 COMPILATION COMPLETE.  0 WARNING(S),  0 ERROR(S)
