C51 COMPILER V9.60.7.0   MAIN                                                              04/01/2025 14:33:11 PAGE 1   


C51 COMPILER V9.60.7.0, COMPILATION OF MODULE MAIN
OBJECT MODULE PLACED IN .\Objects\main.obj
COMPILER INVOKED BY: C:\Keil_v5\C51\BIN\C51.EXE main.c OPTIMIZE(8,SPEED) BROWSE DEBUG OBJECTEXTEND PRINT(.\Listings\main
                    -.lst) TABS(2) OBJECT(.\Objects\main.obj)

line level    source

   1          /**********************************************************
   2          EE337: ADC IC MCP3008 interfacing with pt-51
   3          (1) Complete spi_init() function from spi.h 
   4          
   5          ***********************************************************/
   6          
   7          #include <at89c5131.h>
   8          #include "lcd.h"                                        //Driver for interfacing lcd 
   9          #include "mcp3008.h"                                    //Driver for interfacing ADC ic MCP3008
  10          
  11          
  12          char adc_ip_data_ascii[6]={0,0,0,0,0,'\0'};             //string array for saving ascii of input sample
  13            char temp_ip_data_ascii[6] = {0, 0, 0, 0, 0, '\0'};   
  14          
  15          
  16          code unsigned char display_msg1[]="Volt.: ";            //Display msg on 1st line of lcd
  17          code unsigned char display_msg2[]=" mV";                //Display msg on 2nd line of lcd
  18          
  19            code unsigned char display_msg3[]="Temp.: ";
  20            code unsigned char display_msg4[]=" oC";
  21            
  22            
  23          
  24          
  25          void main(void)
  26          {
  27   1        int j=0;
  28   1        unsigned int adc_data=0;
  29   1        
  30   1        unsigned int temp_data=0;
  31   1        
  32   1        
  33   1        
  34   1        spi_init();                                         
  35   1        adc_init();
  36   1          lcd_init();
  37   1        
  38   1        
  39   1        
  40   1        while(1)
  41   1        {
  42   2          unsigned int x;
  43   2          
  44   2           
  45   2          x = adc(4);                                         //Read analog value from 0th channel of ADC Ic MCP3008
  46   2          adc_data = (unsigned int) (x*3.2258);   
  47   2          lcd_cmd(0x80);
  48   2          lcd_write_string(display_msg1);
  49   2          int_to_string(adc_data,adc_ip_data_ascii);
  50   2          lcd_write_string(adc_ip_data_ascii);
  51   2          lcd_write_string(display_msg2);
  52   2          
  53   2        
  54   2          /*
C51 COMPILER V9.60.7.0   MAIN                                                              04/01/2025 14:33:11 PAGE 2   

  55   2              Display "Volt: " on first line of lcd
  56   2              Print analog sampled input on lcd using int_to_string function and 
  57   2              Display "XXXXX mV" on second line of LCD
  58   2          
  59   2          */  
  60   2          x = adc(3) ; // reding temperature from channel 3
  61   2          temp_data = (unsigned int) (x*3.2258/10);
  62   2          lcd_cmd(0xC0);
  63   2          lcd_write_string(display_msg3);
  64   2          int_to_string(temp_data,temp_ip_data_ascii);
  65   2          lcd_write_string(temp_ip_data_ascii);
  66   2          lcd_write_string(display_msg4);
  67   2          
  68   2          msdelay(1000);
  69   2          
  70   2          
  71   2        }
  72   1      }
  73          


MODULE INFORMATION:   STATIC OVERLAYABLE
   CODE SIZE        =    766    ----
   CONSTANT SIZE    =     24    ----
   XDATA SIZE       =   ----    ----
   PDATA SIZE       =   ----    ----
   DATA SIZE        =     13      32
   IDATA SIZE       =   ----    ----
   BIT SIZE         =      1    ----
END OF MODULE INFORMATION.


C51 COMPILATION COMPLETE.  0 WARNING(S),  0 ERROR(S)
