C51 COMPILER V9.60.7.0   KEYPAD2                                                           03/04/2025 15:49:56 PAGE 1   


C51 COMPILER V9.60.7.0, COMPILATION OF MODULE KEYPAD2
OBJECT MODULE PLACED IN .\Objects\keypad2.obj
COMPILER INVOKED BY: C:\Keil_v5\C51\BIN\C51.EXE keypad2.c OPTIMIZE(8,SPEED) BROWSE DEBUG OBJECTEXTEND PRINT(.\Listings\k
                    -eypad2.lst) TABS(2) OBJECT(.\Objects\keypad2.obj)

line level    source

   1          #include <at89c5131.h>
   2          #include <stdio.h>
   3          #include "lcd.h"  
   4          
   5          
   6          sbit ROW0 = P3^4;  
   7          sbit ROW1 = P3^5;  
   8          sbit ROW2 = P3^6;  
   9          sbit ROW3 = P3^7;  
  10          
  11          sbit COL0 = P3^3;  
  12          sbit COL1 = P3^2; 
  13          sbit COL2 = P3^1;  
  14          sbit COL3 = P3^0;  
  15          
  16          
  17          unsigned char keypad_map[4][4] = {
  18              {'1', '2', '3', 'A'},  
  19              {'4', '5', '6', 'B'},  
  20              {'7', '8', '9', 'C'},  
  21              {'*', '0', '#', 'D'}  
  22          };
  23          
  24          
  25          void init_keypad(void);
  26          unsigned char scan_keypad(void);
  27          void delay_ms(unsigned int ms);
  28          void display_key(unsigned char key);
  29          
  30          
  31          void main(void) {
  32   1          unsigned char key;
  33   1          
  34   1          
  35   1          lcd_init();
  36   1          lcd_cmd(0x80);  
  37   1          lcd_write_string("Key Pressed: ");
  38   1          
  39   1          
  40   1          init_keypad();
  41   1          
  42   1          while(1) {
  43   2              key = scan_keypad();
  44   2               
  45   2                  display_key(key);
  46   2                  
  47   2                  while((COL0 == 0) || (COL1 == 0) || (COL2 == 0) || (COL3 == 0));
  48   2                  
  49   2                  delay_ms(20);
  50   2              
  51   2          }
  52   1      }
  53          
  54          
C51 COMPILER V9.60.7.0   KEYPAD2                                                           03/04/2025 15:49:56 PAGE 2   

  55          void init_keypad(void) {
  56   1          ROW0 = 1;
  57   1          ROW1 = 1;
  58   1          ROW2 = 1;
  59   1          ROW3 = 1;
  60   1          
  61   1          // Columns are inputs with pull-ups (they should be high when not pressed)
  62   1          // This is handled by the hardware as mentioned in the PDF
  63   1      }
  64          
  65          
  66          unsigned char scan_keypad(void) {
  67   1          unsigned char row;
  68   1          
  69   1          if((COL0 == 1) && (COL1 == 1) && (COL2 == 1) && (COL3 == 1)) {
  70   2              return 0;  
  71   2          }
  72   1          
  73   1          delay_ms(20);
  74   1          
  75   1          for(row = 0; row < 4; row++) {
  76   2              ROW0 = 1;
  77   2              ROW1 = 1;
  78   2              ROW2 = 1;
  79   2              ROW3 = 1;
  80   2              
  81   2              switch(row) {
  82   3                  case 0: ROW0 = 0; break;
  83   3                  case 1: ROW1 = 0; break;
  84   3                  case 2: ROW2 = 0; break;
  85   3                  case 3: ROW3 = 0; break;
  86   3              }
  87   2              
  88   2              if(COL0 == 0) return keypad_map[row][0];  
  89   2              if(COL1 == 0) return keypad_map[row][1];  
  90   2              if(COL2 == 0) return keypad_map[row][2];  
  91   2              if(COL3 == 0) return keypad_map[row][3];  
  92   2          }
  93   1          
  94   1          return 0;  
  95   1      }
  96          
  97          void delay_ms(unsigned int ms) {
  98   1          unsigned int i, j;
  99   1          for(i = 0; i < ms; i++) {
 100   2              for(j = 0; j < 328; j++);  
 101   2          }
 102   1      }
 103          
 104          
 105          void display_key(unsigned char *key) {
*** WARNING C235 IN LINE 105 OF keypad2.c: parameter 1: different types
 106   1          lcd_cmd(0x8C);  
 107   1          lcd_write_string(*key);
*** ERROR C214 IN LINE 107 OF keypad2.c: illegal pointer conversion
 108   1      }

C51 COMPILATION COMPLETE.  1 WARNING(S),  1 ERROR(S)
