C51 COMPILER V9.60.7.0   MAIN                                                              03/18/2025 15:36:04 PAGE 1   


C51 COMPILER V9.60.7.0, COMPILATION OF MODULE MAIN
OBJECT MODULE PLACED IN .\Objects\main.obj
COMPILER INVOKED BY: C:\Keil_v5\C51\BIN\C51.EXE Lab_8A required files\Lab_8A required files\main.c OPTIMIZE(8,SPEED) BRO
                    -WSE DEBUG OBJECTEXTEND PRINT(.\Listings\main.lst) TABS(2) OBJECT(.\Objects\main.obj)

line level    source

   1          #include <at89c5131.h>
   2          #include "lcd.h"    // Header file with LCD interfacing functions
   3          #include "serial.h" // Header file with UART interfacing functions
   4          
   5          sbit LED=P1^7;
   6          
   7          // Test function definitions
   8          /************************************************
   9          lcd_test():
  10            LCD test function that gets called when
  11            '1' is received from UART
  12            Prints "LCD Ok" on LCD. After 4 seconds
  13            LCD is cleared
  14          ************************************************/
  15          void lcd_test(void)
  16          {
  17   1         lcd_cmd(0x80);
  18   1         lcd_write_string("LCD Ok");
  19   1         msdelay(2000);
  20   1         lcd_cmd(0x01);
  21   1      } 
  22          
  23          /************************************************
  24          led_test():
  25            LED test code. Update this function
  26            to test LEDs on P1.7-P1.4 by blinking
  27            them for a few times.
  28          ************************************************/
  29          void led_test(void)
  30          {
  31   1          P1 = 0xF0; // Set P1.7 to P1.4 to HIGH (Turn LEDs ON)
  32   1          msdelay(1000);
  33   1          P1 = 0x0F; // Turn LEDs OFF
  34   1          msdelay(1000);
  35   1      }
  36          
  37          // Main function
  38          void main(void)
  39          {
  40   1        unsigned char ch=0;
  41   1        
  42   1        // Initialize port P1 for output from P1.7-P1.4
  43   1        P1 = 0x0F;
  44   1        
  45   1        // Call initialization functions
  46   1        lcd_init();
  47   1        uart_init();
  48   1        
  49   1        // These strings will be printed in terminal software
  50   1        transmit_string("\r\n");
  51   1        transmit_string("*8051 Tests*\r\n");
  52   1        transmit_string("\r\n");
  53   1        transmit_string("Press 1 for LCD test\r\n");
  54   1        transmit_string("Press 2 for LED test\r\n");
C51 COMPILER V9.60.7.0   MAIN                                                              03/18/2025 15:36:04 PAGE 2   

  55   1        
  56   1        while(1)
  57   1        {
  58   2            // Receive a character
  59   2            ch = receive_char();
  60   2          
  61   2            // Decide which test function to run based on character sent
  62   2              // Displays the string on the terminal software
  63   2            switch(ch)
  64   2            {
  65   3          case '1':
  66   3              lcd_test();
  67   3              transmit_string(" LCD tested\r\n");
  68   3              break;
  69   3          
  70   3          case '2':
  71   3              led_test();
  72   3              transmit_string(" LED tested\r\n");
  73   3              break;
  74   3                      
  75   3          case '3':
  76   3              led_test();
  77   3              transmit_string(" Printing 3\r\n");
  78   3              break;
  79   3          
  80   3          default:
  81   3              transmit_string(" Wrong key pressed\r\n");
  82   3              break;
  83   3      }
  84   2            msdelay(100);
  85   2        }
  86   1      }


MODULE INFORMATION:   STATIC OVERLAYABLE
   CODE SIZE        =    417    ----
   CONSTANT SIZE    =    134    ----
   XDATA SIZE       =   ----    ----
   PDATA SIZE       =   ----    ----
   DATA SIZE        =   ----       7
   IDATA SIZE       =   ----    ----
   BIT SIZE         =      2    ----
END OF MODULE INFORMATION.


C51 COMPILATION COMPLETE.  0 WARNING(S),  0 ERROR(S)
