C51 COMPILER V9.60.7.0   LAB6_1                                                            02/18/2025 14:25:51 PAGE 1   


C51 COMPILER V9.60.7.0, COMPILATION OF MODULE LAB6_1
OBJECT MODULE PLACED IN .\Objects\lab6_1.obj
COMPILER INVOKED BY: C:\Keil_v5\C51\BIN\C51.EXE lab6_1.c OPTIMIZE(8,SPEED) BROWSE DEBUG OBJECTEXTEND PRINT(.\Listings\la
                    -b6_1.lst) TABS(2) OBJECT(.\Objects\lab6_1.obj)

line level    source

   1          #include <at89c5131.h>
   2          
   3          sbit LED=P3^6;
   4          
   5          //Functions prototype
   6          void timerdelay_ON(void);
   7          void timerdelay_OFF(void);
   8          
   9          /*
  10          The 8051 has two timers T0 and T1.
  11          When used as timers, the 8051 timers count up every 12th clock cycle.
  12          That means for oscillator clock of 24MHz the timer count increments at the rate 24MHz/12 i.e. 2MHz
  13          So one upcount in timer registers takes 0.5 microseconds.
  14          So to get 4ms delay we need to count for 4ms/0.5us = 8000 count
  15          Hexadecimal value of -8000 is E0C0H
  16          OR 
  17          8000 in hex will be 1F40 . So, 10000 - 1F40 = E0C0H
  18          */
  19          
  20          //Main function
  21          void main(void)
  22          {
  23   1        TMOD = 0x10; //Timer 1 in mod 1
  24   1        while(1)
  25   1        {
  26   2          LED = 1;
  27   2          timerdelay_ON();
  28   2          LED = 0;
  29   2          timerdelay_OFF();
  30   2        }
  31   1      
  32   1      }
  33          
  34          
  35          void timerdelay_ON(void)
  36          {
  37   1        TL1 = 0xC0; //Starting Count value
  38   1        TH1 = 0xE0;
  39   1        TR1 = 1; //Start bit indicates the counting starts
  40   1        while(TF1 == 0); //Checks overflow that is FFFFH to 0000H
  41   1        TR1 = 0; //Stops the timer
  42   1        TF1 = 0;
  43   1      }
  44          
  45          void timerdelay_OFF(void)
  46          {
  47   1        TL1 = 0x40;
  48   1        TH1 = 0xA2;
  49   1        TR1 = 1;
  50   1        while(TF1 == 0);
  51   1        TR1 = 0;
  52   1        TF1 = 0;
  53   1      }

C51 COMPILER V9.60.7.0   LAB6_1                                                            02/18/2025 14:25:51 PAGE 2   


MODULE INFORMATION:   STATIC OVERLAYABLE
   CODE SIZE        =     47    ----
   CONSTANT SIZE    =   ----    ----
   XDATA SIZE       =   ----    ----
   PDATA SIZE       =   ----    ----
   DATA SIZE        =   ----    ----
   IDATA SIZE       =   ----    ----
   BIT SIZE         =   ----    ----
END OF MODULE INFORMATION.


C51 COMPILATION COMPLETE.  0 WARNING(S),  0 ERROR(S)
