C51 COMPILER V9.60.7.0   LAB6_3                                                            02/18/2025 15:24:48 PAGE 1   


C51 COMPILER V9.60.7.0, COMPILATION OF MODULE LAB6_3
OBJECT MODULE PLACED IN .\Objects\lab6_3.obj
COMPILER INVOKED BY: C:\Keil_v5\C51\BIN\C51.EXE lab6_3.c OPTIMIZE(8,SPEED) BROWSE DEBUG OBJECTEXTEND PRINT(.\Listings\la
                    -b6_3.lst) TABS(2) OBJECT(.\Objects\lab6_3.obj)

line level    source

   1          #include <at89c5131.h>
   2          
   3          sbit LED1 = P0^7;
   4          sbit LED2 = P3^7;
   5          int count = 0;
   6          
   7          
   8          void timer0_isr() interrupt 1{
   9   1         LED1=~LED1;
  10   1         //Reload values for TH0 and TL0. Start timer 0.
  11   1         if(count<20){
  12   2            TH0=0xEF;
  13   2            TL0=0xB9;
  14   2         }else if(count<50){
  15   2            TH0=0xF1;
  16   2            TL0=0x88;
  17   2         }else if(count<90){
  18   2            TH0=0xF2;
  19   2            TL0=0xFB;
  20   2         }else if(count<110){
  21   2            TH0=0xF3;
  22   2            TL0=0xCB;
  23   2         }else if(count<150){
  24   2            TH0=0xF5;
  25   2            TL0=0x26;
  26   2         }else if(count<180){
  27   2            TH0=0xF6;
  28   2            TL0=0x3C;
  29   2         }else if(count<220){
  30   2            TH0=0xF7;
  31   2            TL0=0x52;
  32   2         }else if(count<240){
  33   2            TH0=0xF7;
  34   2            TL0=0xDD;
  35   2         }else{
  36   2            count=0;
  37   2            TH0=0xEF;
  38   2            TL0=0xB9;
  39   2         }
  40   1      }
  41          
  42          
  43          void timer1_isr() interrupt 3{
  44   1         LED2=~LED2;
  45   1         count++;
  46   1         TH1=0x3C;
  47   1         TL1=0xB0;
  48   1         //Reload values for TH1 and TL1. Start timer 1.
  49   1      }
  50          
  51          
  52          
  53          void main(void)
  54          {
C51 COMPILER V9.60.7.0   LAB6_3                                                            02/18/2025 15:24:48 PAGE 2   

  55   1        TMOD = 0x11;
  56   1        TH1 = 0x3C;
  57   1        TL1 = 0xB0;
  58   1        TH0 = 0xEF;
  59   1        TL0 = 0xB9;
  60   1        ET0 = 1;
  61   1        ET1 = 1;
  62   1        EA = 1;
  63   1        TR0 = 1;
  64   1        TR1 = 1;
  65   1          while(1);
  66   1      }


MODULE INFORMATION:   STATIC OVERLAYABLE
   CODE SIZE        =    235    ----
   CONSTANT SIZE    =   ----    ----
   XDATA SIZE       =   ----    ----
   PDATA SIZE       =   ----    ----
   DATA SIZE        =      2    ----
   IDATA SIZE       =   ----    ----
   BIT SIZE         =   ----    ----
END OF MODULE INFORMATION.


C51 COMPILATION COMPLETE.  0 WARNING(S),  0 ERROR(S)
